{
  "stats": {
    "suites": 1,
    "tests": 5,
    "passes": 4,
    "pending": 0,
    "failures": 1,
    "start": "2025-03-16T22:35:06.033Z",
    "end": "2025-03-16T22:35:30.493Z",
    "duration": 24460,
    "testsRegistered": 5,
    "passPercent": 80,
    "pendingPercent": 0,
    "other": 0,
    "hasOther": false,
    "skipped": 0,
    "hasSkipped": false
  },
  "results": [
    {
      "uuid": "5c8056b2-060f-4096-9c67-2e48d00017df",
      "title": "",
      "fullFile": "cypress\\e2e\\Login.cy.js",
      "file": "cypress\\e2e\\Login.cy.js",
      "beforeHooks": [],
      "afterHooks": [],
      "tests": [],
      "suites": [
        {
          "uuid": "7f166d3b-4296-407f-98c1-5b68a6756222",
          "title": "Cenarios de login",
          "fullFile": "",
          "file": "",
          "beforeHooks": [],
          "afterHooks": [],
          "tests": [
            {
              "title": "Login com credenciais corretas",
              "fullTitle": "Cenarios de login Login com credenciais corretas",
              "timedOut": null,
              "duration": 8406,
              "state": "passed",
              "speed": "medium",
              "pass": true,
              "fail": false,
              "pending": false,
              "context": null,
              "code": "// DADO QUE O USUÁRIO ESTÁ NA PÁGINA DE LOGIN\n// QUANDO O USUÁRIO INSERE AS CREDENCIAIS CORRETAS\ncy.login('Admin', 'admin123');\n// ENTÃO o usuário deve ser redirecionado para a página de dashboard\ncy.url().should('include', 'dashboard');",
              "err": {},
              "uuid": "caa21aba-2517-490f-b99d-fc19a42a2ece",
              "parentUUID": "7f166d3b-4296-407f-98c1-5b68a6756222",
              "isHook": false,
              "skipped": false
            },
            {
              "title": "Login com usuário incorreto e senha correta",
              "fullTitle": "Cenarios de login Login com usuário incorreto e senha correta",
              "timedOut": null,
              "duration": 3407,
              "state": "passed",
              "speed": "fast",
              "pass": true,
              "fail": false,
              "pending": false,
              "context": null,
              "code": "// DADO QUE O USUÁRIO ESTÁ NA PÁGINA DE LOGIN\n// QUANDO INSIRO USUARIO INCORRETO\ncy.login('Ademin', 'admin123');\n// ENTÃO Recebo mensagem de erro\ncy.get('.oxd-alert-content').should('contain', 'Invalid credentials');",
              "err": {},
              "uuid": "46026cf1-a393-46ec-95c8-2c02d9019b25",
              "parentUUID": "7f166d3b-4296-407f-98c1-5b68a6756222",
              "isHook": false,
              "skipped": false
            },
            {
              "title": "Login com usuário correto e senha incorreta",
              "fullTitle": "Cenarios de login Login com usuário correto e senha incorreta",
              "timedOut": null,
              "duration": 3399,
              "state": "passed",
              "speed": "fast",
              "pass": true,
              "fail": false,
              "pending": false,
              "context": null,
              "code": "// DADO QUE O USUÁRIO ESTÁ NA PÁGINA DE LOGIN\n// QUANDO INSIRO USUARIO CORRETO E SENHA INCORRETA\ncy.login('Admin', 'admin1234');\n// ENTÃO Recebo mensagem de erro\ncy.get('.oxd-alert-content').should('contain', 'Invalid credentials');",
              "err": {},
              "uuid": "7eb26150-6976-4f4a-ae6a-79abf4b938c5",
              "parentUUID": "7f166d3b-4296-407f-98c1-5b68a6756222",
              "isHook": false,
              "skipped": false
            },
            {
              "title": "Login sem usuário e senha",
              "fullTitle": "Cenarios de login Login sem usuário e senha",
              "timedOut": null,
              "duration": 1269,
              "state": "passed",
              "speed": "fast",
              "pass": true,
              "fail": false,
              "pending": false,
              "context": null,
              "code": "// DADO QUE O USUÁRIO ESTÁ NA PÁGINA DE LOGIN\n// QUANDO NÃO INSIRO USUARIO E SENHA\ncy.get('.oxd-button').click();\n// ENTÃO Recebo mensagem de erro deve está visível\ncy.get(':nth-child(2) > .oxd-input-group > .oxd-text').should('be.visible');\ncy.get(':nth-child(3) > .oxd-input-group > .oxd-text').should('be.visible');",
              "err": {},
              "uuid": "5fd11031-3fd5-484e-aafb-aaeac3ef35e3",
              "parentUUID": "7f166d3b-4296-407f-98c1-5b68a6756222",
              "isHook": false,
              "skipped": false
            },
            {
              "title": "Login com usuário e senha de funcionario criado para testes",
              "fullTitle": "Cenarios de login Login com usuário e senha de funcionario criado para testes",
              "timedOut": null,
              "duration": 7633,
              "state": "failed",
              "speed": null,
              "pass": false,
              "fail": true,
              "pending": false,
              "context": null,
              "code": "// DADO QUE O USUÁRIO ESTÁ NA PÁGINA DE LOGIN\n// QUANDO INSIRO USUARIO E SENHA CORRETOS DE FUNCIONARIO CRIADO PARA TESTES\ncy.login('Joao_Silva', 'JoaoSilva1234');\n// ENTÃO Recebo mensagem de sucesso\ncy.get('.oxd-topbar-header-breadcrumb > .oxd-text').should('contain', 'Dashboard');",
              "err": {
                "message": "AssertionError: Timed out retrying after 4000ms: Expected to find element: `.oxd-topbar-header-breadcrumb > .oxd-text`, but never found it.",
                "estack": "AssertionError: Timed out retrying after 4000ms: Expected to find element: `.oxd-topbar-header-breadcrumb > .oxd-text`, but never found it.\n    at Context.eval (webpack:///./cypress/e2e/Login.cy.js:62:56)",
                "diff": null
              },
              "uuid": "8576c2f1-57a6-40ad-ad6e-d30e9089d298",
              "parentUUID": "7f166d3b-4296-407f-98c1-5b68a6756222",
              "isHook": false,
              "skipped": false
            }
          ],
          "suites": [],
          "passes": [
            "caa21aba-2517-490f-b99d-fc19a42a2ece",
            "46026cf1-a393-46ec-95c8-2c02d9019b25",
            "7eb26150-6976-4f4a-ae6a-79abf4b938c5",
            "5fd11031-3fd5-484e-aafb-aaeac3ef35e3"
          ],
          "failures": [
            "8576c2f1-57a6-40ad-ad6e-d30e9089d298"
          ],
          "pending": [],
          "skipped": [],
          "duration": 24114,
          "root": false,
          "rootEmpty": false,
          "_timeout": 2000
        }
      ],
      "passes": [],
      "failures": [],
      "pending": [],
      "skipped": [],
      "duration": 0,
      "root": true,
      "rootEmpty": true,
      "_timeout": 2000
    }
  ],
  "meta": {
    "mocha": {
      "version": "7.0.1"
    },
    "mochawesome": {
      "options": {
        "quiet": false,
        "reportFilename": "mochawesome",
        "saveHtml": true,
        "saveJson": true,
        "consoleReporter": "spec",
        "useInlineDiffs": false,
        "code": true
      },
      "version": "7.1.3"
    },
    "marge": {
      "options": {
        "reportDir": "cypress/reports",
        "overwrite": false,
        "html": true,
        "json": true,
        "timestamp": "mmddyyyy_HHMMss"
      },
      "version": "6.2.0"
    }
  }
}