{
  "stats": {
    "suites": 1,
    "tests": 5,
    "passes": 5,
    "pending": 0,
    "failures": 0,
    "start": "2025-03-16T22:33:27.184Z",
    "end": "2025-03-16T22:34:21.050Z",
    "duration": 53866,
    "testsRegistered": 5,
    "passPercent": 100,
    "pendingPercent": 0,
    "other": 0,
    "hasOther": false,
    "skipped": 0,
    "hasSkipped": false
  },
  "results": [
    {
      "uuid": "21283b5b-e349-4863-b250-48d11ed486ac",
      "title": "",
      "fullFile": "cypress\\e2e\\Cadastros.cy.js",
      "file": "cypress\\e2e\\Cadastros.cy.js",
      "beforeHooks": [],
      "afterHooks": [],
      "tests": [],
      "suites": [
        {
          "uuid": "877a9ae3-b6f1-4693-8b84-b9926dbc1e08",
          "title": "Cenários de cadastro de Funcionário",
          "fullFile": "",
          "file": "",
          "beforeHooks": [],
          "afterHooks": [],
          "tests": [
            {
              "title": "Cadastro de Funcionário sem acesso ao sistema administrador",
              "fullTitle": "Cenários de cadastro de Funcionário Cadastro de Funcionário sem acesso ao sistema administrador",
              "timedOut": null,
              "duration": 17185,
              "state": "passed",
              "speed": "slow",
              "pass": true,
              "fail": false,
              "pending": false,
              "context": null,
              "code": "const uniqueId = Date.now().toString().slice(-9);\nnavigateToAddEmployee();\ncy.get('[name=\"firstName\"]').type('João');\ncy.get('[name=\"middleName\"]').type('Silva');\ncy.get('[name=\"lastName\"]').type('Andrade');\ncy.get('.oxd-grid-item > .oxd-input-group > :nth-child(2) > .oxd-input').clear(Text).type(uniqueId);\ncy.get('.oxd-button--secondary').click();\ncy.get('.oxd-text--toast-message').should('be.visible');",
              "err": {},
              "uuid": "fb3bcb59-f298-464b-b4d0-ef5bc362ccad",
              "parentUUID": "877a9ae3-b6f1-4693-8b84-b9926dbc1e08",
              "isHook": false,
              "skipped": false
            },
            {
              "title": "Cadastro de Funcionário com acesso ao sistema administrador",
              "fullTitle": "Cenários de cadastro de Funcionário Cadastro de Funcionário com acesso ao sistema administrador",
              "timedOut": null,
              "duration": 11711,
              "state": "passed",
              "speed": "slow",
              "pass": true,
              "fail": false,
              "pending": false,
              "context": null,
              "code": "const uniqueId = Date.now().toString().slice(-9);\nconst uniqueUsername = `user_${uniqueId}`;\nnavigateToAddEmployee();\ncy.get('[name=\"firstName\"]').type('João');\ncy.get('[name=\"middleName\"]').type('Silva1');\ncy.get('[name=\"lastName\"]').type('Andrade1');\ncy.get('.oxd-grid-item > .oxd-input-group > :nth-child(2) > .oxd-input').clear(Text).type(uniqueId);\ncy.get('.oxd-switch-input').click();\ncy.get(':nth-child(4) > .oxd-grid-2 > :nth-child(1) > .oxd-input-group > :nth-child(2) > .oxd-input').type(uniqueUsername);\ncy.get('.user-password-cell > .oxd-input-group > :nth-child(2) > .oxd-input').type('JoaoSilva1234');\ncy.get('.oxd-grid-2 > :nth-child(2) > .oxd-input-group > :nth-child(2) > .oxd-input').type('JoaoSilva1234');\ncy.get('.oxd-button--secondary').click();\ncy.get('.oxd-text--toast-message').should('be.visible');",
              "err": {},
              "uuid": "1a04ce46-3a13-4c0b-9d0c-4927db9762ac",
              "parentUUID": "877a9ae3-b6f1-4693-8b84-b9926dbc1e08",
              "isHook": false,
              "skipped": false
            },
            {
              "title": "Cadastro de Funcionário sem preencher nome",
              "fullTitle": "Cenários de cadastro de Funcionário Cadastro de Funcionário sem preencher nome",
              "timedOut": null,
              "duration": 8928,
              "state": "passed",
              "speed": "medium",
              "pass": true,
              "fail": false,
              "pending": false,
              "context": null,
              "code": "const uniqueId = Date.now().toString().slice(-9);\nnavigateToAddEmployee();\ncy.get('.oxd-grid-item > .oxd-input-group > :nth-child(2) > .oxd-input').clear(Text).type(uniqueId);\ncy.get('.oxd-button--secondary').click();\ncy.get('.--name-grouped-field > :nth-child(1) > .oxd-text').should('be.visible');\ncy.get('.--name-grouped-field > :nth-child(3) > .oxd-text').should('be.visible');",
              "err": {},
              "uuid": "7318e9b8-1f06-463d-8857-43beb54d06e0",
              "parentUUID": "877a9ae3-b6f1-4693-8b84-b9926dbc1e08",
              "isHook": false,
              "skipped": false
            },
            {
              "title": "Cadastro de Funcionário sem preencher ID",
              "fullTitle": "Cenários de cadastro de Funcionário Cadastro de Funcionário sem preencher ID",
              "timedOut": null,
              "duration": 7092,
              "state": "passed",
              "speed": "medium",
              "pass": true,
              "fail": false,
              "pending": false,
              "context": null,
              "code": "//Segundo as regras de negocio esse teste deveria falhar, pois o campo ID é obrigatório\n//Porém o sistema não está validando o campo ID, por isso o teste passa\nnavigateToAddEmployee();\ncy.get('[name=\"firstName\"]').type('João');\ncy.get('[name=\"middleName\"]').type('Silva1');\ncy.get('[name=\"lastName\"]').type('Andrade1');\ncy.get('.oxd-grid-item > .oxd-input-group > :nth-child(2) > .oxd-input').clear(Text);\ncy.get('.oxd-button--secondary').click();",
              "err": {},
              "uuid": "be453054-7564-4e84-838a-24c4407156ac",
              "parentUUID": "877a9ae3-b6f1-4693-8b84-b9926dbc1e08",
              "isHook": false,
              "skipped": false
            },
            {
              "title": "Cadastro de Funcionário com acesso ao sistema administrador sem preencher usuário e senha",
              "fullTitle": "Cenários de cadastro de Funcionário Cadastro de Funcionário com acesso ao sistema administrador sem preencher usuário e senha",
              "timedOut": null,
              "duration": 8381,
              "state": "passed",
              "speed": "medium",
              "pass": true,
              "fail": false,
              "pending": false,
              "context": null,
              "code": "const uniqueId = Date.now().toString().slice(-9);\nnavigateToAddEmployee();\ncy.get('[name=\"firstName\"]').type('João');\ncy.get('[name=\"middleName\"]').type('Silva1');\ncy.get('[name=\"lastName\"]').type('Andrade1');\ncy.get('.oxd-grid-item > .oxd-input-group > :nth-child(2) > .oxd-input').clear(Text).type(uniqueId);\ncy.get('.oxd-switch-input').click();\ncy.get('.oxd-button--secondary').click();\ncy.get(':nth-child(4) > .oxd-grid-2 > :nth-child(1) > .oxd-input-group > .oxd-text').should('be.visible');\ncy.get('.user-password-cell > .oxd-input-group > .oxd-text').should('be.visible');\ncy.get('.oxd-grid-2 > :nth-child(2) > .oxd-input-group > .oxd-text').should('be.visible');",
              "err": {},
              "uuid": "49da2a06-5e5b-4a24-bf46-2553e64eb02a",
              "parentUUID": "877a9ae3-b6f1-4693-8b84-b9926dbc1e08",
              "isHook": false,
              "skipped": false
            }
          ],
          "suites": [],
          "passes": [
            "fb3bcb59-f298-464b-b4d0-ef5bc362ccad",
            "1a04ce46-3a13-4c0b-9d0c-4927db9762ac",
            "7318e9b8-1f06-463d-8857-43beb54d06e0",
            "be453054-7564-4e84-838a-24c4407156ac",
            "49da2a06-5e5b-4a24-bf46-2553e64eb02a"
          ],
          "failures": [],
          "pending": [],
          "skipped": [],
          "duration": 53297,
          "root": false,
          "rootEmpty": false,
          "_timeout": 2000
        }
      ],
      "passes": [],
      "failures": [],
      "pending": [],
      "skipped": [],
      "duration": 0,
      "root": true,
      "rootEmpty": true,
      "_timeout": 2000
    }
  ],
  "meta": {
    "mocha": {
      "version": "7.0.1"
    },
    "mochawesome": {
      "options": {
        "quiet": false,
        "reportFilename": "mochawesome",
        "saveHtml": true,
        "saveJson": true,
        "consoleReporter": "spec",
        "useInlineDiffs": false,
        "code": true
      },
      "version": "7.1.3"
    },
    "marge": {
      "options": {
        "reportDir": "cypress/reports",
        "overwrite": false,
        "html": true,
        "json": true,
        "timestamp": "mmddyyyy_HHMMss"
      },
      "version": "6.2.0"
    }
  }
}