{
  "stats": {
    "suites": 1,
    "tests": 1,
    "passes": 1,
    "pending": 0,
    "failures": 0,
    "start": "2025-03-16T22:34:37.963Z",
    "end": "2025-03-16T22:34:52.272Z",
    "duration": 14309,
    "testsRegistered": 1,
    "passPercent": 100,
    "pendingPercent": 0,
    "other": 0,
    "hasOther": false,
    "skipped": 0,
    "hasSkipped": false
  },
  "results": [
    {
      "uuid": "6f15ecca-8d8b-40fa-a066-19e3026573a4",
      "title": "",
      "fullFile": "cypress\\e2e\\Delete.cy.js",
      "file": "cypress\\e2e\\Delete.cy.js",
      "beforeHooks": [],
      "afterHooks": [],
      "tests": [],
      "suites": [
        {
          "uuid": "ce2d4249-8c05-4b77-a8f1-6e0f659be39f",
          "title": "Delete",
          "fullFile": "",
          "file": "",
          "beforeHooks": [],
          "afterHooks": [],
          "tests": [
            {
              "title": "Deletar um funcionário",
              "fullTitle": "Delete Deletar um funcionário",
              "timedOut": null,
              "duration": 14049,
              "state": "passed",
              "speed": "slow",
              "pass": true,
              "fail": false,
              "pending": false,
              "context": null,
              "code": "cy.visit(baseUrl);\ncy.get('[name=\"username\"]').type('Admin');\ncy.get('[name=\"password\"]').type('admin123');\ncy.get('.oxd-button').click();\n// Clicar no botão de Admin\ncy.get(':nth-child(1) > .oxd-main-menu-item').click();\ncy.get(':nth-child(3) > .oxd-table-row > :nth-child(1) > .oxd-table-card-cell-checkbox > .oxd-checkbox-wrapper > label > .oxd-checkbox-input > .oxd-icon').click();\ncy.get(':nth-child(3) > .oxd-table-row > :nth-child(6) > .oxd-table-cell-actions > :nth-child(1) > .oxd-icon').click();\ncy.get('.orangehrm-modal-footer > .oxd-button--label-danger').click();\ncy.get('.oxd-toast').should('contain', 'Successfully Deleted');",
              "err": {},
              "uuid": "cd54598b-7c06-4fea-9746-0caed4cd2c96",
              "parentUUID": "ce2d4249-8c05-4b77-a8f1-6e0f659be39f",
              "isHook": false,
              "skipped": false
            }
          ],
          "suites": [],
          "passes": [
            "cd54598b-7c06-4fea-9746-0caed4cd2c96"
          ],
          "failures": [],
          "pending": [],
          "skipped": [],
          "duration": 14049,
          "root": false,
          "rootEmpty": false,
          "_timeout": 2000
        }
      ],
      "passes": [],
      "failures": [],
      "pending": [],
      "skipped": [],
      "duration": 0,
      "root": true,
      "rootEmpty": true,
      "_timeout": 2000
    }
  ],
  "meta": {
    "mocha": {
      "version": "7.0.1"
    },
    "mochawesome": {
      "options": {
        "quiet": false,
        "reportFilename": "mochawesome",
        "saveHtml": true,
        "saveJson": true,
        "consoleReporter": "spec",
        "useInlineDiffs": false,
        "code": true
      },
      "version": "7.1.3"
    },
    "marge": {
      "options": {
        "reportDir": "cypress/reports",
        "overwrite": false,
        "html": true,
        "json": true,
        "timestamp": "mmddyyyy_HHMMss"
      },
      "version": "6.2.0"
    }
  }
}